<?xml version="1.0" encoding="UTF-8"?>
<!-- Generated by org.testng.reporters.JUnitReportReporter -->
<testsuite hostname="LTIN207107" failures="0" tests="4" name="TestCases.TC_01_homePage" time="18.139" errors="0" timestamp="2024-03-02T23:16:26 IST" skipped="0">
  <testcase classname="TestCases.TC_01_homePage" name="Search_For_Doctor" time="4.788"/>
  <testcase classname="TestCases.TC_01_homePage" name="Select_Location" time="1.058"/>
  <testcase classname="TestCases.TC_01_homePage" name="Select_Area" time="0.419"/>
  <testcase classname="TestCases.TC_01_homePage" name="Select_doctor" time="11.874"/>
</testsuite> <!-- TestCases.TC_01_homePage -->
