<?xml version="1.0" encoding="UTF-8"?>
<!-- Generated by org.testng.reporters.JUnitReportReporter -->
<testsuite hostname="LTIN207107" failures="0" tests="8" name="TestCases.TC_04_CorporateWellness" time="31.725" errors="0" timestamp="2024-03-02T23:16:26 IST" skipped="0">
  <testcase classname="TestCases.TC_04_CorporateWellness" name="corporateLink" time="5.199"/>
  <testcase classname="TestCases.TC_04_CorporateWellness" name="detailsInvalid" time="2.700"/>
  <testcase classname="TestCases.TC_04_CorporateWellness" name="sizeOfOrganizationAndInterest" time="1.846"/>
  <testcase classname="TestCases.TC_04_CorporateWellness" name="SubmitButton" time="0.875"/>
  <testcase classname="TestCases.TC_04_CorporateWellness" name="clear" time="2.796"/>
  <testcase classname="TestCases.TC_04_CorporateWellness" name="detailsValid" time="2.018"/>
  <testcase classname="TestCases.TC_04_CorporateWellness" name="organization_size_and_Interest" time="0.466"/>
  <testcase classname="TestCases.TC_04_CorporateWellness" name="SubmitButton1" time="15.825"/>
</testsuite> <!-- TestCases.TC_04_CorporateWellness -->
