<?xml version="1.0" encoding="UTF-8"?>
<!-- Generated by org.testng.reporters.JUnitReportReporter -->
<testsuite hostname="LTIN207107" failures="0" tests="3" name="TestCases.TC_03_surgeryPage" time="12.976" errors="0" timestamp="2024-03-02T23:16:26 IST" skipped="0">
  <testcase classname="TestCases.TC_03_surgeryPage" name="Click_On_surgery" time="6.081"/>
  <testcase classname="TestCases.TC_03_surgeryPage" name="pageScroll" time="0.587"/>
  <testcase classname="TestCases.TC_03_surgeryPage" name="Get_surgery_list" time="6.308"/>
</testsuite> <!-- TestCases.TC_03_surgeryPage -->
