<?xml version="1.0" encoding="UTF-8"?>
<!-- Generated by org.testng.reporters.JUnitReportReporter -->
<testsuite hostname="LTIN207107" failures="0" tests="12" name="TestCases.TC_02_Doctor_Detail" time="54.647" errors="0" timestamp="2024-03-02T23:16:26 IST" skipped="0">
  <testcase classname="TestCases.TC_02_Doctor_Detail" name="click" time="0.327"/>
  <testcase classname="TestCases.TC_02_Doctor_Detail" name="select_patientStory" time="5.534"/>
  <testcase classname="TestCases.TC_02_Doctor_Detail" name="selectExperience" time="6.079"/>
  <testcase classname="TestCases.TC_02_Doctor_Detail" name="selectFilter" time="11.148"/>
  <testcase classname="TestCases.TC_02_Doctor_Detail" name="clickSort" time="0.289"/>
  <testcase classname="TestCases.TC_02_Doctor_Detail" name="selectRelevance" time="12.569"/>
  <testcase classname="TestCases.TC_02_Doctor_Detail" name="scrollDown" time="10.817"/>
  <testcase classname="TestCases.TC_02_Doctor_Detail" name="getDoctorName" time="3.689"/>
  <testcase classname="TestCases.TC_02_Doctor_Detail" name="getDoctorExperience" time="0.726"/>
  <testcase classname="TestCases.TC_02_Doctor_Detail" name="getClinicName" time="0.858"/>
  <testcase classname="TestCases.TC_02_Doctor_Detail" name="getPracticeLocality" time="1.226"/>
  <testcase classname="TestCases.TC_02_Doctor_Detail" name="getConsultationFee" time="1.385"/>
</testsuite> <!-- TestCases.TC_02_Doctor_Detail -->
