<?xml version="1.0" encoding="UTF-8"?>
<!-- Generated by org.testng.reporters.JUnitReportReporter -->
<testsuite hostname="LTIN207107" failures="0" tests="3" name="TestCases.TC_03_surgeryPage" time="15.877" errors="0" timestamp="2024-02-28T17:06:05 IST" skipped="0">
  <testcase classname="TestCases.TC_03_surgeryPage" name="Click_On_surgery" time="7.132"/>
  <testcase classname="TestCases.TC_03_surgeryPage" name="pageScroll" time="0.588"/>
  <testcase classname="TestCases.TC_03_surgeryPage" name="Get_surgery_list" time="8.157"/>
</testsuite> <!-- TestCases.TC_03_surgeryPage -->
