<?xml version="1.0" encoding="UTF-8"?>
<!-- Generated by org.testng.reporters.JUnitReportReporter -->
<testsuite hostname="LTIN207107" failures="0" tests="4" name="TestCases.TC_01_homePage" time="19.453" errors="0" timestamp="2024-02-28T17:06:05 IST" skipped="0">
  <testcase classname="TestCases.TC_01_homePage" name="Search_For_Doctor" time="5.504"/>
  <testcase classname="TestCases.TC_01_homePage" name="Select_Location" time="1.042"/>
  <testcase classname="TestCases.TC_01_homePage" name="Select_Area" time="0.441"/>
  <testcase classname="TestCases.TC_01_homePage" name="Select_doctor" time="12.466"/>
</testsuite> <!-- TestCases.TC_01_homePage -->
