<?xml version="1.0" encoding="UTF-8"?>
<!-- Generated by org.testng.reporters.JUnitReportReporter -->
<testsuite hostname="LTIN207107" failures="0" tests="12" name="TestCases.TC_02_Doctor_Detail" time="57.973" errors="0" timestamp="2024-02-28T17:06:05 IST" skipped="0">
  <testcase classname="TestCases.TC_02_Doctor_Detail" name="click" time="0.152"/>
  <testcase classname="TestCases.TC_02_Doctor_Detail" name="select_patientStory" time="5.516"/>
  <testcase classname="TestCases.TC_02_Doctor_Detail" name="selectExperience" time="6.487"/>
  <testcase classname="TestCases.TC_02_Doctor_Detail" name="selectFilter" time="10.991"/>
  <testcase classname="TestCases.TC_02_Doctor_Detail" name="clickSort" time="0.211"/>
  <testcase classname="TestCases.TC_02_Doctor_Detail" name="selectRelevance" time="13.311"/>
  <testcase classname="TestCases.TC_02_Doctor_Detail" name="scrollDown" time="11.846"/>
  <testcase classname="TestCases.TC_02_Doctor_Detail" name="getDoctorName" time="4.920"/>
  <testcase classname="TestCases.TC_02_Doctor_Detail" name="getDoctorExperience" time="1.307"/>
  <testcase classname="TestCases.TC_02_Doctor_Detail" name="getClinicName" time="1.091"/>
  <testcase classname="TestCases.TC_02_Doctor_Detail" name="getPracticeLocality" time="1.114"/>
  <testcase classname="TestCases.TC_02_Doctor_Detail" name="getConsultationFee" time="1.027"/>
</testsuite> <!-- TestCases.TC_02_Doctor_Detail -->
